TpTrace Verbose: 0 : 9336, 1, 2021/12/21, 23:43:28.905, 132988716487, vstest.console.dll, Version: 16.9.4
TpTrace Information: 0 : 9336, 1, 2021/12/21, 23:43:28.914, 132988797016, vstest.console.dll, FilePatternParser: The given file C:\Users\rahul\OneDrive\Desktop\Documents_cognizant\2.Stage3,4\MFPE\RMS Updated\ProductMicroservice\ProductTests\bin\Debug\net5.0\fine-code-coverage\build-output\ProductTests.dll is a full path.
TpTrace Verbose: 0 : 9336, 1, 2021/12/21, 23:43:28.919, 132988847529, vstest.console.dll, TestPluginCache.DiscoverTestExtensions: finding test extensions in assemblies ends with: RuntimeProvider.dll TPluginInfo: Microsoft.VisualStudio.TestPlatform.Common.ExtensionFramework.Utilities.TestRuntimePluginInformation TExtension: Microsoft.VisualStudio.TestPlatform.ObjectModel.Host.ITestRuntimeProvider
TpTrace Verbose: 0 : 9336, 1, 2021/12/21, 23:43:28.920, 132988851813, vstest.console.dll, TestPluginCache.GetExtensionPaths: Filtered extension paths: 
TpTrace Verbose: 0 : 9336, 1, 2021/12/21, 23:43:28.920, 132988852714, vstest.console.dll, TestPluginCache.GetExtensionPaths: Added default extension paths: C:\Program Files\dotnet\sdk\5.0.210\Extensions\Microsoft.Diagnostics.NETCore.Client.dll
C:\Program Files\dotnet\sdk\5.0.210\Extensions\Microsoft.TestPlatform.Extensions.BlameDataCollector.dll
C:\Program Files\dotnet\sdk\5.0.210\Extensions\Microsoft.TestPlatform.Extensions.EventLogCollector.dll
C:\Program Files\dotnet\sdk\5.0.210\Extensions\Microsoft.TestPlatform.TestHostRuntimeProvider.dll
C:\Program Files\dotnet\sdk\5.0.210\Extensions\Microsoft.VisualStudio.TestPlatform.Extensions.Html.TestLogger.dll
C:\Program Files\dotnet\sdk\5.0.210\Extensions\Microsoft.VisualStudio.TestPlatform.Extensions.Trx.TestLogger.dll
TpTrace Verbose: 0 : 9336, 1, 2021/12/21, 23:43:28.920, 132988853239, vstest.console.dll, TestPluginCache.GetExtensionPaths: Added unfilterableExtensionPaths: 
TpTrace Information: 0 : 9336, 1, 2021/12/21, 23:43:28.920, 132988859273, vstest.console.dll, AssemblyResolver.ctor: Creating AssemblyResolver with searchDirectories C:\Program Files\dotnet\sdk\5.0.210\Extensions,C:\Program Files\dotnet\sdk\5.0.210
TpTrace Verbose: 0 : 9336, 1, 2021/12/21, 23:43:28.921, 132988869803, vstest.console.dll, TestPluginCache.DiscoverTestExtensions: Discovering the extensions using extension path.
TpTrace Verbose: 0 : 9336, 1, 2021/12/21, 23:43:28.922, 132988871022, vstest.console.dll, TestPluginCache.GetExtensionPaths: Filtered extension paths: 
TpTrace Verbose: 0 : 9336, 1, 2021/12/21, 23:43:28.922, 132988871613, vstest.console.dll, TestPluginCache.GetExtensionPaths: Added default extension paths: C:\Program Files\dotnet\sdk\5.0.210\Extensions\Microsoft.Diagnostics.NETCore.Client.dll
C:\Program Files\dotnet\sdk\5.0.210\Extensions\Microsoft.TestPlatform.Extensions.BlameDataCollector.dll
C:\Program Files\dotnet\sdk\5.0.210\Extensions\Microsoft.TestPlatform.Extensions.EventLogCollector.dll
C:\Program Files\dotnet\sdk\5.0.210\Extensions\Microsoft.TestPlatform.TestHostRuntimeProvider.dll
C:\Program Files\dotnet\sdk\5.0.210\Extensions\Microsoft.VisualStudio.TestPlatform.Extensions.Html.TestLogger.dll
C:\Program Files\dotnet\sdk\5.0.210\Extensions\Microsoft.VisualStudio.TestPlatform.Extensions.Trx.TestLogger.dll
TpTrace Verbose: 0 : 9336, 1, 2021/12/21, 23:43:28.922, 132988872228, vstest.console.dll, TestPluginCache.GetExtensionPaths: Added unfilterableExtensionPaths: 
TpTrace Verbose: 0 : 9336, 1, 2021/12/21, 23:43:28.922, 132988872867, vstest.console.dll, TestPluginCache.DiscoverTestExtensions: Discovering the extensions using allExtensionPaths: C:\Program Files\dotnet\sdk\5.0.210\Extensions\Microsoft.Diagnostics.NETCore.Client.dll
C:\Program Files\dotnet\sdk\5.0.210\Extensions\Microsoft.TestPlatform.Extensions.BlameDataCollector.dll
C:\Program Files\dotnet\sdk\5.0.210\Extensions\Microsoft.TestPlatform.Extensions.EventLogCollector.dll
C:\Program Files\dotnet\sdk\5.0.210\Extensions\Microsoft.TestPlatform.TestHostRuntimeProvider.dll
C:\Program Files\dotnet\sdk\5.0.210\Extensions\Microsoft.VisualStudio.TestPlatform.Extensions.Html.TestLogger.dll
C:\Program Files\dotnet\sdk\5.0.210\Extensions\Microsoft.VisualStudio.TestPlatform.Extensions.Trx.TestLogger.dll
TpTrace Information: 0 : 9336, 1, 2021/12/21, 23:43:28.922, 132988874270, vstest.console.dll, AssemblyResolver.AddSearchDirectories: Adding more searchDirectories C:\Program Files\dotnet\sdk\5.0.210\Extensions,C:\Program Files\dotnet\sdk\5.0.210
TpTrace Information: 0 : 9336, 1, 2021/12/21, 23:43:28.922, 132988874912, vstest.console.dll, AssemblyResolver.AddSearchDirectories: Adding more searchDirectories C:\Program Files\dotnet\sdk\5.0.210\Extensions,C:\Program Files\dotnet\sdk\5.0.210
TpTrace Information: 0 : 9336, 1, 2021/12/21, 23:43:28.922, 132988875402, vstest.console.dll, AssemblyResolver.AddSearchDirectories: Adding more searchDirectories C:\Program Files\dotnet\sdk\5.0.210\Extensions,C:\Program Files\dotnet\sdk\5.0.210
TpTrace Information: 0 : 9336, 1, 2021/12/21, 23:43:28.922, 132988875780, vstest.console.dll, AssemblyResolver.AddSearchDirectories: Adding more searchDirectories C:\Program Files\dotnet\sdk\5.0.210\Extensions,C:\Program Files\dotnet\sdk\5.0.210
TpTrace Information: 0 : 9336, 1, 2021/12/21, 23:43:28.922, 132988876144, vstest.console.dll, AssemblyResolver.AddSearchDirectories: Adding more searchDirectories C:\Program Files\dotnet\sdk\5.0.210\Extensions,C:\Program Files\dotnet\sdk\5.0.210
TpTrace Information: 0 : 9336, 1, 2021/12/21, 23:43:28.922, 132988876512, vstest.console.dll, AssemblyResolver.AddSearchDirectories: Adding more searchDirectories C:\Program Files\dotnet\sdk\5.0.210\Extensions,C:\Program Files\dotnet\sdk\5.0.210
TpTrace Information: 0 : 9336, 1, 2021/12/21, 23:43:28.922, 132988879310, vstest.console.dll, AssemblyResolver.OnResolve: Microsoft.Diagnostics.NETCore.Client: Resolving assembly.
TpTrace Information: 0 : 9336, 1, 2021/12/21, 23:43:28.923, 132988888194, vstest.console.dll, AssemblyResolver.OnResolve: Resolved assembly: Microsoft.Diagnostics.NETCore.Client, from path: C:\Program Files\dotnet\sdk\5.0.210\Extensions\Microsoft.Diagnostics.NETCore.Client.dll
TpTrace Information: 0 : 9336, 1, 2021/12/21, 23:43:28.927, 132988928858, vstest.console.dll, AssemblyResolver.OnResolve: Microsoft.Bcl.AsyncInterfaces: Resolving assembly.
TpTrace Information: 0 : 9336, 1, 2021/12/21, 23:43:28.928, 132988931019, vstest.console.dll, AssemblyResolver.OnResolve: Microsoft.Bcl.AsyncInterfaces: Failed to load assembly.
TpTrace Verbose: 0 : 9336, 1, 2021/12/21, 23:43:28.928, 132988931656, vstest.console.dll, CurrentDomain_AssemblyResolve: Resolving assembly 'Microsoft.Bcl.AsyncInterfaces'.
TpTrace Information: 0 : 9336, 1, 2021/12/21, 23:43:28.928, 132988932371, vstest.console.dll, AssemblyResolver.OnResolve: Microsoft.Bcl.AsyncInterfaces: Resolving assembly.
TpTrace Information: 0 : 9336, 1, 2021/12/21, 23:43:28.928, 132988932934, vstest.console.dll, AssemblyResolver.OnResolve: Microsoft.Bcl.AsyncInterfaces: Resolved from cache.
TpTrace Verbose: 0 : 9336, 1, 2021/12/21, 23:43:28.928, 132988933322, vstest.console.dll, CurrentDomain_AssemblyResolve: Resolving assembly 'Microsoft.Bcl.AsyncInterfaces'.
TpTrace Verbose: 0 : 9336, 1, 2021/12/21, 23:43:28.928, 132988933799, vstest.console.dll, CurrentDomainAssemblyResolve: Failed to resolve assembly 'Microsoft.Bcl.AsyncInterfaces'.
TpTrace Verbose: 0 : 9336, 1, 2021/12/21, 23:43:28.929, 132988941077, vstest.console.dll, CurrentDomainAssemblyResolve: Failed to resolve assembly 'Microsoft.Bcl.AsyncInterfaces'.
TpTrace Warning: 0 : 9336, 1, 2021/12/21, 23:43:28.941, 132989068753, vstest.console.dll, TestPluginDiscoverer: Failed to get types from assembly 'Microsoft.Diagnostics.NETCore.Client, Version=0.2.2.41902, Culture=neutral, PublicKeyToken=31bf3856ad364e35'.  Skipping test extension scan for this assembly.  Error: System.Reflection.ReflectionTypeLoadException: Unable to load one or more of the requested types.
Could not load file or assembly 'Microsoft.Bcl.AsyncInterfaces, Version=1.0.0.0, Culture=neutral, PublicKeyToken=cc7b13ffcd2ddd51'. The system cannot find the file specified.
   at System.Reflection.RuntimeModule.GetTypes(RuntimeModule module)
   at System.Reflection.RuntimeModule.GetTypes()
   at System.Reflection.Assembly.GetTypes()
   at Microsoft.VisualStudio.TestPlatform.Common.ExtensionFramework.TestPluginDiscoverer.GetTestExtensionsFromAssembly[TPluginInfo,TExtension](Assembly assembly, Dictionary`2 pluginInfos)
System.IO.FileNotFoundException: Could not load file or assembly 'Microsoft.Bcl.AsyncInterfaces, Version=1.0.0.0, Culture=neutral, PublicKeyToken=cc7b13ffcd2ddd51'. The system cannot find the file specified.
File name: 'Microsoft.Bcl.AsyncInterfaces, Version=1.0.0.0, Culture=neutral, PublicKeyToken=cc7b13ffcd2ddd51'
TpTrace Warning: 0 : 9336, 1, 2021/12/21, 23:43:28.941, 132989070434, vstest.console.dll, LoaderExceptions: System.IO.FileNotFoundException: Could not load file or assembly 'Microsoft.Bcl.AsyncInterfaces, Version=1.0.0.0, Culture=neutral, PublicKeyToken=cc7b13ffcd2ddd51'. The system cannot find the file specified.
File name: 'Microsoft.Bcl.AsyncInterfaces, Version=1.0.0.0, Culture=neutral, PublicKeyToken=cc7b13ffcd2ddd51'
TpTrace Information: 0 : 9336, 1, 2021/12/21, 23:43:28.942, 132989071621, vstest.console.dll, AssemblyResolver.OnResolve: Microsoft.TestPlatform.Extensions.BlameDataCollector: Resolving assembly.
TpTrace Information: 0 : 9336, 1, 2021/12/21, 23:43:28.942, 132989080394, vstest.console.dll, AssemblyResolver.OnResolve: Resolved assembly: Microsoft.TestPlatform.Extensions.BlameDataCollector, from path: C:\Program Files\dotnet\sdk\5.0.210\Extensions\Microsoft.TestPlatform.Extensions.BlameDataCollector.dll
TpTrace Information: 0 : 9336, 1, 2021/12/21, 23:43:28.943, 132989085247, vstest.console.dll, AssemblyResolver.OnResolve: Microsoft.TestPlatform.Extensions.EventLogCollector: Resolving assembly.
TpTrace Information: 0 : 9336, 1, 2021/12/21, 23:43:28.943, 132989089970, vstest.console.dll, AssemblyResolver.OnResolve: Resolved assembly: Microsoft.TestPlatform.Extensions.EventLogCollector, from path: C:\Program Files\dotnet\sdk\5.0.210\Extensions\Microsoft.TestPlatform.Extensions.EventLogCollector.dll
TpTrace Information: 0 : 9336, 1, 2021/12/21, 23:43:28.945, 132989107130, vstest.console.dll, AssemblyResolver.OnResolve: Microsoft.TestPlatform.TestHostRuntimeProvider: Resolving assembly.
TpTrace Information: 0 : 9336, 1, 2021/12/21, 23:43:28.946, 132989114947, vstest.console.dll, AssemblyResolver.OnResolve: Resolved assembly: Microsoft.TestPlatform.TestHostRuntimeProvider, from path: C:\Program Files\dotnet\sdk\5.0.210\Extensions\Microsoft.TestPlatform.TestHostRuntimeProvider.dll
TpTrace Information: 0 : 9336, 1, 2021/12/21, 23:43:28.947, 132989124254, vstest.console.dll, AssemblyResolver.OnResolve: Microsoft.VisualStudio.TestPlatform.Extensions.Html.TestLogger: Resolving assembly.
TpTrace Information: 0 : 9336, 1, 2021/12/21, 23:43:28.948, 132989131705, vstest.console.dll, AssemblyResolver.OnResolve: Resolved assembly: Microsoft.VisualStudio.TestPlatform.Extensions.Html.TestLogger, from path: C:\Program Files\dotnet\sdk\5.0.210\Extensions\Microsoft.VisualStudio.TestPlatform.Extensions.Html.TestLogger.dll
TpTrace Information: 0 : 9336, 1, 2021/12/21, 23:43:28.948, 132989134248, vstest.console.dll, AssemblyResolver.OnResolve: Microsoft.VisualStudio.TestPlatform.Extensions.Trx.TestLogger: Resolving assembly.
TpTrace Information: 0 : 9336, 1, 2021/12/21, 23:43:28.949, 132989141416, vstest.console.dll, AssemblyResolver.OnResolve: Resolved assembly: Microsoft.VisualStudio.TestPlatform.Extensions.Trx.TestLogger, from path: C:\Program Files\dotnet\sdk\5.0.210\Extensions\Microsoft.VisualStudio.TestPlatform.Extensions.Trx.TestLogger.dll
TpTrace Verbose: 0 : 9336, 1, 2021/12/21, 23:43:28.949, 132989145562, vstest.console.dll, TestPluginCache: Discovered the extensions using extension path ''.
TpTrace Verbose: 0 : 9336, 1, 2021/12/21, 23:43:28.949, 132989146133, vstest.console.dll, TestPluginCache: Discoverers are ''.
TpTrace Verbose: 0 : 9336, 1, 2021/12/21, 23:43:28.949, 132989146494, vstest.console.dll, TestPluginCache: Executors are ''.
TpTrace Verbose: 0 : 9336, 1, 2021/12/21, 23:43:28.949, 132989146850, vstest.console.dll, TestPluginCache: Executors2 are ''.
TpTrace Verbose: 0 : 9336, 1, 2021/12/21, 23:43:28.949, 132989147186, vstest.console.dll, TestPluginCache: Setting providers are ''.
TpTrace Verbose: 0 : 9336, 1, 2021/12/21, 23:43:28.949, 132989147507, vstest.console.dll, TestPluginCache: Loggers are ''.
TpTrace Information: 0 : 9336, 1, 2021/12/21, 23:43:28.953, 132989188920, vstest.console.dll, RunTestsArgumentProcessor:Execute: Test run is starting.
TpTrace Verbose: 0 : 9336, 1, 2021/12/21, 23:43:28.953, 132989190063, vstest.console.dll, RunTestsArgumentProcessor:Execute: Queuing Test run.
TpTrace Information: 0 : 9336, 1, 2021/12/21, 23:43:28.954, 132989191669, vstest.console.dll, TestRequestManager.RunTests: run tests started.
TpTrace Information: 0 : 9336, 1, 2021/12/21, 23:43:28.965, 132989309942, vstest.console.dll, AssemblyMetadataProvider.GetFrameWork: Determined framework:'.NETCoreApp,Version=v5.0' for source: 'C:\Users\rahul\OneDrive\Desktop\Documents_cognizant\2.Stage3,4\MFPE\RMS Updated\ProductMicroservice\ProductTests\bin\Debug\net5.0\fine-code-coverage\build-output\ProductTests.dll'
TpTrace Information: 0 : 9336, 1, 2021/12/21, 23:43:28.966, 132989311776, vstest.console.dll, Determined framework for all sources: .NETCoreApp,Version=v5.0
TpTrace Information: 0 : 9336, 1, 2021/12/21, 23:43:28.966, 132989315627, vstest.console.dll, AssemblyMetadataProvider.GetArchitecture: Determined architecture:AnyCPU info for assembly: C:\Users\rahul\OneDrive\Desktop\Documents_cognizant\2.Stage3,4\MFPE\RMS Updated\ProductMicroservice\ProductTests\bin\Debug\net5.0\fine-code-coverage\build-output\ProductTests.dll
TpTrace Information: 0 : 9336, 1, 2021/12/21, 23:43:28.968, 132989334279, vstest.console.dll, Determined platform for all sources: X64
TpTrace Information: 0 : 9336, 1, 2021/12/21, 23:43:28.971, 132989362215, vstest.console.dll, Compatible sources list : 
TpTrace Information: 0 : 9336, 1, 2021/12/21, 23:43:28.971, 132989363437, vstest.console.dll, C:\Users\rahul\OneDrive\Desktop\Documents_cognizant\2.Stage3,4\MFPE\RMS Updated\ProductMicroservice\ProductTests\bin\Debug\net5.0\fine-code-coverage\build-output\ProductTests.dll
TpTrace Information: 0 : 9336, 1, 2021/12/21, 23:43:28.972, 132989379613, vstest.console.dll, InferRunSettingsHelper.IsTestSettingsEnabled: Unable to navigate to RunSettings/MSTest. Current node: RunSettings
TpTrace Information: 0 : 9336, 1, 2021/12/21, 23:43:28.973, 132989385239, vstest.console.dll, AssemblyResolver.OnResolve: Microsoft.VisualStudio.TestPlatform.Fakes: Resolving assembly.
TpTrace Information: 0 : 9336, 1, 2021/12/21, 23:43:28.973, 132989387087, vstest.console.dll, AssemblyResolver.OnResolve: Microsoft.VisualStudio.TestPlatform.Fakes: Failed to load assembly.
TpTrace Information: 0 : 9336, 1, 2021/12/21, 23:43:28.973, 132989390274, vstest.console.dll, Failed to create newly implemented Fakes Configurator. Reason:System.IO.FileNotFoundException: Could not load file or assembly 'Microsoft.VisualStudio.TestPlatform.Fakes, Version=16.0.0.0, Culture=neutral, PublicKeyToken=null'. The system cannot find the file specified.
File name: 'Microsoft.VisualStudio.TestPlatform.Fakes, Version=16.0.0.0, Culture=neutral, PublicKeyToken=null'
   at System.Reflection.RuntimeAssembly.InternalLoad(ObjectHandleOnStack assemblyName, ObjectHandleOnStack requestingAssembly, StackCrawlMarkHandle stackMark, Boolean throwOnFileNotFound, ObjectHandleOnStack assemblyLoadContext, ObjectHandleOnStack retAssembly)
   at System.Reflection.RuntimeAssembly.InternalLoad(AssemblyName assemblyName, RuntimeAssembly requestingAssembly, StackCrawlMark& stackMark, Boolean throwOnFileNotFound, AssemblyLoadContext assemblyLoadContext)
   at System.Reflection.Assembly.Load(AssemblyName assemblyRef)
   at Microsoft.VisualStudio.TestPlatform.Common.Utilities.FakesUtilities.TryGetFakesCrossPlatformDataCollectorConfigurator() 
TpTrace Verbose: 0 : 9336, 1, 2021/12/21, 23:43:28.977, 132989420892, vstest.console.dll, TestPluginCache.DiscoverTestExtensions: finding test extensions in assemblies ends with: TestLogger.dll TPluginInfo: Microsoft.VisualStudio.TestPlatform.Common.ExtensionFramework.Utilities.TestLoggerPluginInformation TExtension: Microsoft.VisualStudio.TestPlatform.ObjectModel.Client.ITestLogger
TpTrace Verbose: 0 : 9336, 1, 2021/12/21, 23:43:28.977, 132989422247, vstest.console.dll, TestPluginCache.GetExtensionPaths: Filtered extension paths: 
TpTrace Verbose: 0 : 9336, 1, 2021/12/21, 23:43:28.977, 132989422733, vstest.console.dll, TestPluginCache.GetExtensionPaths: Added default extension paths: C:\Program Files\dotnet\sdk\5.0.210\Extensions\Microsoft.Diagnostics.NETCore.Client.dll
C:\Program Files\dotnet\sdk\5.0.210\Extensions\Microsoft.TestPlatform.Extensions.BlameDataCollector.dll
C:\Program Files\dotnet\sdk\5.0.210\Extensions\Microsoft.TestPlatform.Extensions.EventLogCollector.dll
C:\Program Files\dotnet\sdk\5.0.210\Extensions\Microsoft.TestPlatform.TestHostRuntimeProvider.dll
C:\Program Files\dotnet\sdk\5.0.210\Extensions\Microsoft.VisualStudio.TestPlatform.Extensions.Html.TestLogger.dll
C:\Program Files\dotnet\sdk\5.0.210\Extensions\Microsoft.VisualStudio.TestPlatform.Extensions.Trx.TestLogger.dll
TpTrace Verbose: 0 : 9336, 1, 2021/12/21, 23:43:28.977, 132989423171, vstest.console.dll, TestPluginCache.GetExtensionPaths: Added unfilterableExtensionPaths: 
TpTrace Information: 0 : 9336, 1, 2021/12/21, 23:43:28.977, 132989424446, vstest.console.dll, AssemblyResolver.AddSearchDirectories: Adding more searchDirectories C:\Program Files\dotnet\sdk\5.0.210\Extensions,C:\Program Files\dotnet\sdk\5.0.210
TpTrace Verbose: 0 : 9336, 1, 2021/12/21, 23:43:28.977, 132989424937, vstest.console.dll, TestPluginCache.DiscoverTestExtensions: Discovering the extensions using extension path.
TpTrace Verbose: 0 : 9336, 1, 2021/12/21, 23:43:28.977, 132989425300, vstest.console.dll, TestPluginCache.GetExtensionPaths: Filtered extension paths: 
TpTrace Verbose: 0 : 9336, 1, 2021/12/21, 23:43:28.977, 132989425656, vstest.console.dll, TestPluginCache.GetExtensionPaths: Added default extension paths: C:\Program Files\dotnet\sdk\5.0.210\Extensions\Microsoft.Diagnostics.NETCore.Client.dll
C:\Program Files\dotnet\sdk\5.0.210\Extensions\Microsoft.TestPlatform.Extensions.BlameDataCollector.dll
C:\Program Files\dotnet\sdk\5.0.210\Extensions\Microsoft.TestPlatform.Extensions.EventLogCollector.dll
C:\Program Files\dotnet\sdk\5.0.210\Extensions\Microsoft.TestPlatform.TestHostRuntimeProvider.dll
C:\Program Files\dotnet\sdk\5.0.210\Extensions\Microsoft.VisualStudio.TestPlatform.Extensions.Html.TestLogger.dll
C:\Program Files\dotnet\sdk\5.0.210\Extensions\Microsoft.VisualStudio.TestPlatform.Extensions.Trx.TestLogger.dll
TpTrace Verbose: 0 : 9336, 1, 2021/12/21, 23:43:28.977, 132989426066, vstest.console.dll, TestPluginCache.GetExtensionPaths: Added unfilterableExtensionPaths: 
TpTrace Verbose: 0 : 9336, 1, 2021/12/21, 23:43:28.977, 132989426429, vstest.console.dll, TestPluginCache.DiscoverTestExtensions: Discovering the extensions using allExtensionPaths: C:\Program Files\dotnet\sdk\5.0.210\Extensions\Microsoft.Diagnostics.NETCore.Client.dll
C:\Program Files\dotnet\sdk\5.0.210\Extensions\Microsoft.TestPlatform.Extensions.BlameDataCollector.dll
C:\Program Files\dotnet\sdk\5.0.210\Extensions\Microsoft.TestPlatform.Extensions.EventLogCollector.dll
C:\Program Files\dotnet\sdk\5.0.210\Extensions\Microsoft.TestPlatform.TestHostRuntimeProvider.dll
C:\Program Files\dotnet\sdk\5.0.210\Extensions\Microsoft.VisualStudio.TestPlatform.Extensions.Html.TestLogger.dll
C:\Program Files\dotnet\sdk\5.0.210\Extensions\Microsoft.VisualStudio.TestPlatform.Extensions.Trx.TestLogger.dll
TpTrace Information: 0 : 9336, 1, 2021/12/21, 23:43:28.977, 132989426919, vstest.console.dll, AssemblyResolver.AddSearchDirectories: Adding more searchDirectories C:\Program Files\dotnet\sdk\5.0.210\Extensions,C:\Program Files\dotnet\sdk\5.0.210
TpTrace Information: 0 : 9336, 1, 2021/12/21, 23:43:28.977, 132989427308, vstest.console.dll, AssemblyResolver.AddSearchDirectories: Adding more searchDirectories C:\Program Files\dotnet\sdk\5.0.210\Extensions,C:\Program Files\dotnet\sdk\5.0.210
TpTrace Information: 0 : 9336, 1, 2021/12/21, 23:43:28.977, 132989427754, vstest.console.dll, AssemblyResolver.AddSearchDirectories: Adding more searchDirectories C:\Program Files\dotnet\sdk\5.0.210\Extensions,C:\Program Files\dotnet\sdk\5.0.210
TpTrace Information: 0 : 9336, 1, 2021/12/21, 23:43:28.977, 132989428147, vstest.console.dll, AssemblyResolver.AddSearchDirectories: Adding more searchDirectories C:\Program Files\dotnet\sdk\5.0.210\Extensions,C:\Program Files\dotnet\sdk\5.0.210
TpTrace Information: 0 : 9336, 1, 2021/12/21, 23:43:28.977, 132989428505, vstest.console.dll, AssemblyResolver.AddSearchDirectories: Adding more searchDirectories C:\Program Files\dotnet\sdk\5.0.210\Extensions,C:\Program Files\dotnet\sdk\5.0.210
TpTrace Information: 0 : 9336, 1, 2021/12/21, 23:43:28.977, 132989428906, vstest.console.dll, AssemblyResolver.AddSearchDirectories: Adding more searchDirectories C:\Program Files\dotnet\sdk\5.0.210\Extensions,C:\Program Files\dotnet\sdk\5.0.210
TpTrace Information: 0 : 9336, 1, 2021/12/21, 23:43:28.978, 132989431889, vstest.console.dll, AssemblyResolver.OnResolve: Microsoft.Bcl.AsyncInterfaces: Resolving assembly.
TpTrace Information: 0 : 9336, 1, 2021/12/21, 23:43:28.978, 132989432430, vstest.console.dll, AssemblyResolver.OnResolve: Microsoft.Bcl.AsyncInterfaces: Resolved from cache.
TpTrace Verbose: 0 : 9336, 1, 2021/12/21, 23:43:28.978, 132989433110, vstest.console.dll, CurrentDomain_AssemblyResolve: Resolving assembly 'Microsoft.Bcl.AsyncInterfaces'.
TpTrace Information: 0 : 9336, 1, 2021/12/21, 23:43:28.978, 132989433991, vstest.console.dll, AssemblyResolver.OnResolve: Microsoft.Bcl.AsyncInterfaces: Resolving assembly.
TpTrace Information: 0 : 9336, 1, 2021/12/21, 23:43:28.978, 132989434624, vstest.console.dll, AssemblyResolver.OnResolve: Microsoft.Bcl.AsyncInterfaces: Resolved from cache.
TpTrace Verbose: 0 : 9336, 1, 2021/12/21, 23:43:28.978, 132989435216, vstest.console.dll, CurrentDomain_AssemblyResolve: Resolving assembly 'Microsoft.Bcl.AsyncInterfaces'.
TpTrace Verbose: 0 : 9336, 1, 2021/12/21, 23:43:28.978, 132989435817, vstest.console.dll, CurrentDomainAssemblyResolve: Failed to resolve assembly 'Microsoft.Bcl.AsyncInterfaces'.
TpTrace Verbose: 0 : 9336, 1, 2021/12/21, 23:43:28.978, 132989437220, vstest.console.dll, CurrentDomainAssemblyResolve: Failed to resolve assembly 'Microsoft.Bcl.AsyncInterfaces'.
TpTrace Warning: 0 : 9336, 1, 2021/12/21, 23:43:28.978, 132989439559, vstest.console.dll, TestPluginDiscoverer: Failed to get types from assembly 'Microsoft.Diagnostics.NETCore.Client, Version=0.2.2.41902, Culture=neutral, PublicKeyToken=31bf3856ad364e35'.  Skipping test extension scan for this assembly.  Error: System.Reflection.ReflectionTypeLoadException: Unable to load one or more of the requested types.
Could not load file or assembly 'Microsoft.Bcl.AsyncInterfaces, Version=1.0.0.0, Culture=neutral, PublicKeyToken=cc7b13ffcd2ddd51'. The system cannot find the file specified.
   at System.Reflection.RuntimeModule.GetTypes(RuntimeModule module)
   at System.Reflection.RuntimeModule.GetTypes()
   at System.Reflection.Assembly.GetTypes()
   at Microsoft.VisualStudio.TestPlatform.Common.ExtensionFramework.TestPluginDiscoverer.GetTestExtensionsFromAssembly[TPluginInfo,TExtension](Assembly assembly, Dictionary`2 pluginInfos)
System.IO.FileNotFoundException: Could not load file or assembly 'Microsoft.Bcl.AsyncInterfaces, Version=1.0.0.0, Culture=neutral, PublicKeyToken=cc7b13ffcd2ddd51'. The system cannot find the file specified.
File name: 'Microsoft.Bcl.AsyncInterfaces, Version=1.0.0.0, Culture=neutral, PublicKeyToken=cc7b13ffcd2ddd51'
TpTrace Warning: 0 : 9336, 1, 2021/12/21, 23:43:28.978, 132989440108, vstest.console.dll, LoaderExceptions: System.IO.FileNotFoundException: Could not load file or assembly 'Microsoft.Bcl.AsyncInterfaces, Version=1.0.0.0, Culture=neutral, PublicKeyToken=cc7b13ffcd2ddd51'. The system cannot find the file specified.
File name: 'Microsoft.Bcl.AsyncInterfaces, Version=1.0.0.0, Culture=neutral, PublicKeyToken=cc7b13ffcd2ddd51'
TpTrace Verbose: 0 : 9336, 1, 2021/12/21, 23:43:28.979, 132989443051, vstest.console.dll, TestPluginCache: Discovered the extensions using extension path ''.
TpTrace Verbose: 0 : 9336, 1, 2021/12/21, 23:43:28.979, 132989443536, vstest.console.dll, TestPluginCache: Discoverers are ''.
TpTrace Verbose: 0 : 9336, 1, 2021/12/21, 23:43:28.979, 132989443882, vstest.console.dll, TestPluginCache: Executors are ''.
TpTrace Verbose: 0 : 9336, 1, 2021/12/21, 23:43:28.979, 132989444209, vstest.console.dll, TestPluginCache: Executors2 are ''.
TpTrace Verbose: 0 : 9336, 1, 2021/12/21, 23:43:28.979, 132989444534, vstest.console.dll, TestPluginCache: Setting providers are ''.
TpTrace Verbose: 0 : 9336, 1, 2021/12/21, 23:43:28.979, 132989445167, vstest.console.dll, TestPluginCache: Loggers are 'logger://Microsoft/TestPlatform/Extensions/Blame/v1,logger://Microsoft/TestPlatform/HtmlLogger/v1,logger://Microsoft/TestPlatform/TrxLogger/v1'.
TpTrace Information: 0 : 9336, 1, 2021/12/21, 23:43:28.979, 132989450281, vstest.console.dll, TestPluginManager.CreateTestExtension: Attempting to load test extension: Microsoft.TestPlatform.Extensions.BlameDataCollector.BlameLogger
TpTrace Information: 0 : 9336, 1, 2021/12/21, 23:43:28.988, 132989536397, vstest.console.dll, TestPluginManager.CreateTestExtension: Attempting to load test extension: Microsoft.VisualStudio.TestPlatform.CrossPlatEngine.Hosting.DefaultTestHostManager
TpTrace Information: 0 : 9336, 1, 2021/12/21, 23:43:28.988, 132989539071, vstest.console.dll, TestPluginManager.CreateTestExtension: Attempting to load test extension: Microsoft.VisualStudio.TestPlatform.CrossPlatEngine.Hosting.DotnetTestHostManager
TpTrace Verbose: 0 : 9336, 1, 2021/12/21, 23:43:28.989, 132989543168, vstest.console.dll, TestEngine: Initializing Parallel Execution as MaxCpuCount is set to: 1
TpTrace Information: 0 : 9336, 1, 2021/12/21, 23:43:28.989, 132989547061, vstest.console.dll, InferRunSettingsHelper.IsTestSettingsEnabled: Unable to navigate to RunSettings/MSTest. Current node: RunSettings
TpTrace Verbose: 0 : 9336, 1, 2021/12/21, 23:43:29.000, 132989659412, vstest.console.dll, TestRequestSender is acting as server
TpTrace Verbose: 0 : 9336, 4, 2021/12/21, 23:43:29.004, 132989690944, vstest.console.dll, DataCollectionRequestSender.InitializeCommunication : Initialize communication. 
TpTrace Information: 0 : 9336, 4, 2021/12/21, 23:43:29.017, 132989821346, vstest.console.dll, Listening on Endpoint : 127.0.0.1:54493
TpTrace Verbose: 0 : 9336, 4, 2021/12/21, 23:43:29.026, 132989913728, vstest.console.dll, DotnetDataCollectionLauncher: Full path of dotnet.exe is C:\Program Files\dotnet\dotnet.exe
TpTrace Verbose: 0 : 9336, 4, 2021/12/21, 23:43:29.026, 132989915159, vstest.console.dll, DotnetDataCollectionLauncher: Adding  --runtimeconfig "C:\Program Files\dotnet\sdk\5.0.210\datacollector.runtimeconfig.json" in args
TpTrace Verbose: 0 : 9336, 4, 2021/12/21, 23:43:29.026, 132989915991, vstest.console.dll, DotnetDataCollectionLauncher: Adding  --depsfile "C:\Program Files\dotnet\sdk\5.0.210\datacollector.deps.json" in args
TpTrace Information: 0 : 9336, 4, 2021/12/21, 23:43:29.035, 132990003020, vstest.console.dll, ProxyDataCollectionManager.Initialize: Launched datacollector processId: 27212 port: 54493
TpTrace Information: 0 : 9336, 4, 2021/12/21, 23:43:29.035, 132990004479, vstest.console.dll, ProxyDataCollectionManager.Initialize: waiting for connection with timeout: 90 seconds
TpTrace Verbose: 0 : 9336, 4, 2021/12/21, 23:43:29.035, 132990005257, vstest.console.dll, DataCollectionRequestSender.WaitForRequestHandlerConnection : Waiting for connection with timeout: 90000
TpTrace Information: 0 : 9336, 7, 2021/12/21, 23:43:29.190, 132991560369, vstest.console.dll, Using the buffer size of 16384 bytes
TpTrace Information: 0 : 9336, 7, 2021/12/21, 23:43:29.191, 132991561656, vstest.console.dll, Accepted Client request and set the flag
TpTrace Verbose: 0 : 9336, 4, 2021/12/21, 23:43:29.191, 132991561298, vstest.console.dll, ProxyDataCollectionManager.InvokeDataCollectionServiceAction: Starting.
TpTrace Information: 0 : 9336, 4, 2021/12/21, 23:43:29.191, 132991562996, vstest.console.dll, ProxyDataCollectionManager.BeforeTestRunStart: Get environment variable and port for datacollector processId: 27212 port: 54493
TpTrace Verbose: 0 : 9336, 4, 2021/12/21, 23:43:29.191, 132991564414, vstest.console.dll, DataCollectionRequestSender.SendBeforeTestRunStartAndGetResult : Send BeforeTestRunStart message with settingsXml <RunSettings><RunConfiguration><ResultsDirectory>C:\Users\rahul\OneDrive\Desktop\Documents_cognizant\2.Stage3,4\MFPE\RMS Updated\ProductMicroservice\ProductTests\bin\Debug\net5.0\fine-code-coverage\coverage-tool-output</ResultsDirectory><TargetPlatform>X64</TargetPlatform><TargetFrameworkVersion>.NETCoreApp,Version=v5.0</TargetFrameworkVersion><DesignMode>False</DesignMode><CollectSourceInformation>False</CollectSourceInformation><TestAdaptersPaths>C:\Program Files\dotnet\sdk\5.0.210\Extensions</TestAdaptersPaths></RunConfiguration><LoggerRunSettings><Loggers><Logger friendlyName="blame" enabled="True" /><Logger friendlyName="Console" uri="logger://microsoft/TestPlatform/ConsoleLogger/v1" assemblyQualifiedName="Microsoft.VisualStudio.TestPlatform.CommandLine.Internal.ConsoleLogger, vstest.console, Version=15.0.0.0, Culture=neutral, PublicKeyToken=b03f5f7f11d50a3a" codeBase="C:\Program Files\dotnet\sdk\5.0.210\vstest.console.dll" enabled="True" /></Loggers></LoggerRunSettings><DataCollectionRunSettings><DataCollectors><DataCollector friendlyName="blame" enabled="True"><Configuration><ResultsDirectory>C:\Users\rahul\OneDrive\Desktop\Documents_cognizant\2.Stage3,4\MFPE\RMS Updated\ProductMicroservice\ProductTests\bin\Debug\net5.0\fine-code-coverage\coverage-tool-output</ResultsDirectory></Configuration></DataCollector></DataCollectors></DataCollectionRunSettings></RunSettings> and sources System.Linq.Enumerable+Concat2Iterator`1[System.String]: 
TpTrace Verbose: 0 : 9336, 4, 2021/12/21, 23:43:29.258, 132992234424, vstest.console.dll, DataCollectionRequestSender.SendBeforeTestRunStartAndGetResult : Received message: (DataCollection.SendMessage) -> {
  "FriendlyName": null,
  "Uri": null,
  "TestCaseId": "00000000-0000-0000-0000-000000000000",
  "Message": "Logging DataCollector Diagnostics in file: C:\\Users\\rahul\\OneDrive\\Desktop\\Documents_cognizant\\2.Stage3,4\\MFPE\\RMS Updated\\ProductMicroservice\\ProductTests\\bin\\Debug\\net5.0\\fine-code-coverage\\coverage-tool-output\\diagnostics.datacollector.21-12-21_23-43-29_02244_4.log",
  "Level": 0
}
TpTrace Verbose: 0 : 9336, 4, 2021/12/21, 23:43:29.314, 132992794012, vstest.console.dll, DataCollectionRequestSender.SendBeforeTestRunStartAndGetResult : Received message: (DataCollection.BeforeTestRunStartResult) -> {
  "EnvironmentVariables": {},
  "DataCollectionEventsPort": 54495
}
TpTrace Information: 0 : 9336, 4, 2021/12/21, 23:43:29.317, 132992823074, vstest.console.dll, ProxyDataCollectionManager.BeforeTestRunStart: SendBeforeTestRunStartAndGetResult successful, env variable from datacollector:   and testhost port: 54495
TpTrace Information: 0 : 9336, 4, 2021/12/21, 23:43:29.317, 132992823850, vstest.console.dll, ProxyDataCollectionManager.InvokeDataCollectionServiceAction: Completed.
TpTrace Verbose: 0 : 9336, 1, 2021/12/21, 23:43:29.317, 132992825324, vstest.console.dll, TestRunRequest.ExecuteAsync: Creating test run request.
TpTrace Verbose: 0 : 9336, 1, 2021/12/21, 23:43:29.317, 132992827469, vstest.console.dll, TestRunRequest.ExecuteAsync: Starting.
TpTrace Information: 0 : 9336, 1, 2021/12/21, 23:43:29.317, 132992829594, vstest.console.dll, TestRunRequest.ExecuteAsync: Starting run with settings:TestRunCriteria:
   KeepAlive=False,FrequencyOfRunStatsChangeEvent=10,RunStatsChangeEventTimeout=00:00:01.5000000,TestCaseFilter=,TestExecutorLauncher=
   Settingsxml=<RunSettings>
  <RunConfiguration>
    <ResultsDirectory>C:\Users\rahul\OneDrive\Desktop\Documents_cognizant\2.Stage3,4\MFPE\RMS Updated\ProductMicroservice\ProductTests\bin\Debug\net5.0\fine-code-coverage\coverage-tool-output</ResultsDirectory>
    <TargetPlatform>X64</TargetPlatform>
    <TargetFrameworkVersion>.NETCoreApp,Version=v5.0</TargetFrameworkVersion>
    <DesignMode>False</DesignMode>
    <CollectSourceInformation>False</CollectSourceInformation>
  </RunConfiguration>
  <LoggerRunSettings>
    <Loggers>
      <Logger friendlyName="blame" enabled="True" />
      <Logger friendlyName="Console" uri="logger://microsoft/TestPlatform/ConsoleLogger/v1" assemblyQualifiedName="Microsoft.VisualStudio.TestPlatform.CommandLine.Internal.ConsoleLogger, vstest.console, Version=15.0.0.0, Culture=neutral, PublicKeyToken=b03f5f7f11d50a3a" codeBase="C:\Program Files\dotnet\sdk\5.0.210\vstest.console.dll" enabled="True" />
    </Loggers>
  </LoggerRunSettings>
  <DataCollectionRunSettings>
    <DataCollectors>
      <DataCollector friendlyName="blame" enabled="True">
        <Configuration>
          <ResultsDirectory>C:\Users\rahul\OneDrive\Desktop\Documents_cognizant\2.Stage3,4\MFPE\RMS Updated\ProductMicroservice\ProductTests\bin\Debug\net5.0\fine-code-coverage\coverage-tool-output</ResultsDirectory>
        </Configuration>
      </DataCollector>
    </DataCollectors>
  </DataCollectionRunSettings>
</RunSettings>

TpTrace Verbose: 0 : 9336, 1, 2021/12/21, 23:43:29.318, 132992830637, vstest.console.dll, TestRunRequest.ExecuteAsync: Wait for the first run request is over.
TpTrace Verbose: 0 : 9336, 1, 2021/12/21, 23:43:29.318, 132992833805, vstest.console.dll, ParallelProxyExecutionManager: Start execution. Total sources: 1
TpTrace Information: 0 : 9336, 1, 2021/12/21, 23:43:29.318, 132992839678, vstest.console.dll, ProxyParallelExecutionManager: Triggering test run for next source: C:\Users\rahul\OneDrive\Desktop\Documents_cognizant\2.Stage3,4\MFPE\RMS Updated\ProductMicroservice\ProductTests\bin\Debug\net5.0\fine-code-coverage\build-output\ProductTests.dll
TpTrace Verbose: 0 : 9336, 6, 2021/12/21, 23:43:29.319, 132992841279, vstest.console.dll, ParallelProxyExecutionManager: Execution started. Started clients: 1
TpTrace Verbose: 0 : 9336, 1, 2021/12/21, 23:43:29.319, 132992841319, vstest.console.dll, ProxyParallelExecutionManager: No sources available for execution.
TpTrace Information: 0 : 9336, 1, 2021/12/21, 23:43:29.319, 132992842466, vstest.console.dll, TestRunRequest.ExecuteAsync: Started.
TpTrace Verbose: 0 : 9336, 1, 2021/12/21, 23:43:29.319, 132992843231, vstest.console.dll, TestRunRequest.WaitForCompletion: Waiting with timeout -1.
TpTrace Verbose: 0 : 9336, 6, 2021/12/21, 23:43:29.319, 132992844039, vstest.console.dll, TestRunRequest:SendTestRunMessage: Starting.
TpTrace Information: 0 : 9336, 6, 2021/12/21, 23:43:29.319, 132992844948, vstest.console.dll, TestRunRequest:SendTestRunMessage: Completed.
TpTrace Verbose: 0 : 9336, 6, 2021/12/21, 23:43:29.319, 132992846476, vstest.console.dll, ProxyExecutionManager: Test host is always Lazy initialize.
TpTrace Verbose: 0 : 9336, 6, 2021/12/21, 23:43:29.319, 132992848381, vstest.console.dll, TestRequestSender.InitializeCommunication: initialize communication. 
TpTrace Information: 0 : 9336, 6, 2021/12/21, 23:43:29.320, 132992852969, vstest.console.dll, SocketServer.Start: Listening on endpoint : 127.0.0.1:54496
TpTrace Verbose: 0 : 9336, 6, 2021/12/21, 23:43:29.320, 132992858386, vstest.console.dll, DotnetTestHostmanager: Adding  --runtimeconfig "C:\Users\rahul\OneDrive\Desktop\Documents_cognizant\2.Stage3,4\MFPE\RMS Updated\ProductMicroservice\ProductTests\bin\Debug\net5.0\fine-code-coverage\build-output\ProductTests.runtimeconfig.json" in args
TpTrace Verbose: 0 : 9336, 6, 2021/12/21, 23:43:29.320, 132992859317, vstest.console.dll, DotnetTestHostmanager: Adding  --depsfile "C:\Users\rahul\OneDrive\Desktop\Documents_cognizant\2.Stage3,4\MFPE\RMS Updated\ProductMicroservice\ProductTests\bin\Debug\net5.0\fine-code-coverage\build-output\ProductTests.deps.json" in args
TpTrace Verbose: 0 : 9336, 6, 2021/12/21, 23:43:29.321, 132992860983, vstest.console.dll, DotnetTestHostManager: Testhost.exe/testhost.x86.exe found at path: C:\Users\rahul\OneDrive\Desktop\Documents_cognizant\2.Stage3,4\MFPE\RMS Updated\ProductMicroservice\ProductTests\bin\Debug\net5.0\fine-code-coverage\build-output\testhost.exe
TpTrace Verbose: 0 : 9336, 6, 2021/12/21, 23:43:29.321, 132992861513, vstest.console.dll, DotnetTestHostmanager: Full path of host exe is C:\Users\rahul\OneDrive\Desktop\Documents_cognizant\2.Stage3,4\MFPE\RMS Updated\ProductMicroservice\ProductTests\bin\Debug\net5.0\fine-code-coverage\build-output\testhost.exe
TpTrace Verbose: 0 : 9336, 4, 2021/12/21, 23:43:29.322, 132992874847, vstest.console.dll, DotnetTestHostManager: Starting process 'C:\Users\rahul\OneDrive\Desktop\Documents_cognizant\2.Stage3,4\MFPE\RMS Updated\ProductMicroservice\ProductTests\bin\Debug\net5.0\fine-code-coverage\build-output\testhost.exe' with command line ' --runtimeconfig "C:\Users\rahul\OneDrive\Desktop\Documents_cognizant\2.Stage3,4\MFPE\RMS Updated\ProductMicroservice\ProductTests\bin\Debug\net5.0\fine-code-coverage\build-output\ProductTests.runtimeconfig.json" --depsfile "C:\Users\rahul\OneDrive\Desktop\Documents_cognizant\2.Stage3,4\MFPE\RMS Updated\ProductMicroservice\ProductTests\bin\Debug\net5.0\fine-code-coverage\build-output\ProductTests.deps.json" --port 54496 --endpoint 127.0.0.1:054496 --role client --parentprocessid 9336 --diag "C:\Users\rahul\OneDrive\Desktop\Documents_cognizant\2.Stage3,4\MFPE\RMS Updated\ProductMicroservice\ProductTests\bin\Debug\net5.0\fine-code-coverage\coverage-tool-output\diagnostics.host.21-12-21_23-43-29_32049_6.log" --tracelevel 4 --datacollectionport 54495 --telemetryoptedin false'
TpTrace Verbose: 0 : 9336, 4, 2021/12/21, 23:43:29.333, 132992981318, vstest.console.dll, Test Runtime launched
TpTrace Verbose: 0 : 9336, 6, 2021/12/21, 23:43:29.334, 132992991578, vstest.console.dll, TestRequestSender.WaitForRequestHandlerConnection: waiting for connection with timeout: 90000
TpTrace Verbose: 0 : 9336, 4, 2021/12/21, 23:43:29.521, 132994864291, vstest.console.dll, SocketServer.OnClientConnected: Client connected for endPoint: 127.0.0.1:54496, starting MessageLoopAsync:
TpTrace Verbose: 0 : 9336, 12, 2021/12/21, 23:43:29.521, 132994866718, vstest.console.dll, TcpClientExtensions.MessageLoopAsync: Polling on remoteEndPoint: 127.0.0.1:54497 localEndPoint: 127.0.0.1:54496
TpTrace Verbose: 0 : 9336, 12, 2021/12/21, 23:43:29.660, 132996259138, vstest.console.dll, TcpClientExtensions.MessageLoopAsync: NotifyDataAvailable remoteEndPoint: 127.0.0.1:54497 localEndPoint: 127.0.0.1:54496
TpTrace Verbose: 0 : 9336, 12, 2021/12/21, 23:43:29.661, 132996264061, vstest.console.dll, TestRequestSender.CheckVersionWithTestHost: onMessageReceived received message: (ProtocolVersion) -> 3
TpTrace Verbose: 0 : 9336, 12, 2021/12/21, 23:43:29.662, 132996271423, vstest.console.dll, TcpClientExtensions.MessageLoopAsync: Polling on remoteEndPoint: 127.0.0.1:54497 localEndPoint: 127.0.0.1:54496
TpTrace Verbose: 0 : 9336, 6, 2021/12/21, 23:43:29.662, 132996272870, vstest.console.dll, TestPluginCache.GetExtensionPaths: Filtered extension paths: 
TpTrace Verbose: 0 : 9336, 6, 2021/12/21, 23:43:29.662, 132996274179, vstest.console.dll, TestPluginCache.GetExtensionPaths: Added default extension paths: C:\Program Files\dotnet\sdk\5.0.210\Extensions\Microsoft.Diagnostics.NETCore.Client.dll
C:\Program Files\dotnet\sdk\5.0.210\Extensions\Microsoft.TestPlatform.Extensions.BlameDataCollector.dll
C:\Program Files\dotnet\sdk\5.0.210\Extensions\Microsoft.TestPlatform.Extensions.EventLogCollector.dll
C:\Program Files\dotnet\sdk\5.0.210\Extensions\Microsoft.TestPlatform.TestHostRuntimeProvider.dll
C:\Program Files\dotnet\sdk\5.0.210\Extensions\Microsoft.VisualStudio.TestPlatform.Extensions.Html.TestLogger.dll
C:\Program Files\dotnet\sdk\5.0.210\Extensions\Microsoft.VisualStudio.TestPlatform.Extensions.Trx.TestLogger.dll
TpTrace Verbose: 0 : 9336, 6, 2021/12/21, 23:43:29.662, 132996274911, vstest.console.dll, TestPluginCache.GetExtensionPaths: Added unfilterableExtensionPaths: 
TpTrace Verbose: 0 : 9336, 6, 2021/12/21, 23:43:29.666, 132996311280, vstest.console.dll, TestRequestSender.InitializeExecution: Sending initializing execution with message: {"Version":3,"MessageType":"TestExecution.Initialize","Payload":["C:\\Users\\rahul\\OneDrive\\Desktop\\Documents_cognizant\\2.Stage3,4\\MFPE\\RMS Updated\\ProductMicroservice\\ProductTests\\bin\\Debug\\net5.0\\fine-code-coverage\\build-output\\Microsoft.VisualStudio.TestPlatform.MSTest.TestAdapter.dll","C:\\Users\\rahul\\OneDrive\\Desktop\\Documents_cognizant\\2.Stage3,4\\MFPE\\RMS Updated\\ProductMicroservice\\ProductTests\\bin\\Debug\\net5.0\\fine-code-coverage\\build-output\\NUnit3.TestAdapter.dll"]}
TpTrace Verbose: 0 : 9336, 6, 2021/12/21, 23:43:29.675, 132996401864, vstest.console.dll, TestRequestSender.StartTestRun: Sending test run with message: {"Version":3,"MessageType":"TestExecution.StartWithSources","Payload":{"AdapterSourceMap":{"_none_":["C:\\Users\\rahul\\OneDrive\\Desktop\\Documents_cognizant\\2.Stage3,4\\MFPE\\RMS Updated\\ProductMicroservice\\ProductTests\\bin\\Debug\\net5.0\\fine-code-coverage\\build-output\\ProductTests.dll"]},"RunSettings":"<RunSettings>\r\n  <RunConfiguration>\r\n    <ResultsDirectory>C:\\Users\\rahul\\OneDrive\\Desktop\\Documents_cognizant\\2.Stage3,4\\MFPE\\RMS Updated\\ProductMicroservice\\ProductTests\\bin\\Debug\\net5.0\\fine-code-coverage\\coverage-tool-output</ResultsDirectory>\r\n    <TargetPlatform>X64</TargetPlatform>\r\n    <TargetFrameworkVersion>.NETCoreApp,Version=v5.0</TargetFrameworkVersion>\r\n    <DesignMode>False</DesignMode>\r\n    <CollectSourceInformation>False</CollectSourceInformation>\r\n  </RunConfiguration>\r\n  <LoggerRunSettings>\r\n    <Loggers>\r\n      <Logger friendlyName=\"blame\" enabled=\"True\" />\r\n      <Logger friendlyName=\"Console\" uri=\"logger://microsoft/TestPlatform/ConsoleLogger/v1\" assemblyQualifiedName=\"Microsoft.VisualStudio.TestPlatform.CommandLine.Internal.ConsoleLogger, vstest.console, Version=15.0.0.0, Culture=neutral, PublicKeyToken=b03f5f7f11d50a3a\" codeBase=\"C:\\Program Files\\dotnet\\sdk\\5.0.210\\vstest.console.dll\" enabled=\"True\" />\r\n    </Loggers>\r\n  </LoggerRunSettings>\r\n  <DataCollectionRunSettings>\r\n    <DataCollectors>\r\n      <DataCollector friendlyName=\"blame\" enabled=\"True\">\r\n        <Configuration>\r\n          <ResultsDirectory>C:\\Users\\rahul\\OneDrive\\Desktop\\Documents_cognizant\\2.Stage3,4\\MFPE\\RMS Updated\\ProductMicroservice\\ProductTests\\bin\\Debug\\net5.0\\fine-code-coverage\\coverage-tool-output</ResultsDirectory>\r\n        </Configuration>\r\n      </DataCollector>\r\n    </DataCollectors>\r\n  </DataCollectionRunSettings>\r\n</RunSettings>","TestExecutionContext":{"FrequencyOfRunStatsChangeEvent":10,"RunStatsChangeEventTimeout":"00:00:01.5000000","InIsolation":false,"KeepAlive":false,"AreTestCaseLevelEventsRequired":false,"IsDebug":false,"TestCaseFilter":null,"FilterOptions":null},"Package":null}}
TpTrace Verbose: 0 : 9336, 12, 2021/12/21, 23:43:29.676, 132996411927, vstest.console.dll, TcpClientExtensions.MessageLoopAsync: NotifyDataAvailable remoteEndPoint: 127.0.0.1:54497 localEndPoint: 127.0.0.1:54496
TpTrace Verbose: 0 : 9336, 12, 2021/12/21, 23:43:29.676, 132996413717, vstest.console.dll, TestRequestSender.OnExecutionMessageReceived: Received message: {"Version":3,"MessageType":"TestSession.Message","Payload":{"MessageLevel":0,"Message":"Logging TestHost Diagnostics in file: C:\\Users\\rahul\\OneDrive\\Desktop\\Documents_cognizant\\2.Stage3,4\\MFPE\\RMS Updated\\ProductMicroservice\\ProductTests\\bin\\Debug\\net5.0\\fine-code-coverage\\coverage-tool-output\\diagnostics.host.21-12-21_23-43-29_32049_6.log"}}
TpTrace Verbose: 0 : 9336, 12, 2021/12/21, 23:43:29.678, 132996431736, vstest.console.dll, TestRunRequest:SendTestRunMessage: Starting.
TpTrace Information: 0 : 9336, 12, 2021/12/21, 23:43:29.678, 132996433028, vstest.console.dll, TestRunRequest:SendTestRunMessage: Completed.
TpTrace Verbose: 0 : 9336, 12, 2021/12/21, 23:43:29.678, 132996433538, vstest.console.dll, TcpClientExtensions.MessageLoopAsync: Polling on remoteEndPoint: 127.0.0.1:54497 localEndPoint: 127.0.0.1:54496
TpTrace Verbose: 0 : 9336, 12, 2021/12/21, 23:43:29.882, 132998477003, vstest.console.dll, TcpClientExtensions.MessageLoopAsync: NotifyDataAvailable remoteEndPoint: 127.0.0.1:54497 localEndPoint: 127.0.0.1:54496
TpTrace Verbose: 0 : 9336, 12, 2021/12/21, 23:43:29.882, 132998478285, vstest.console.dll, TestRequestSender.OnExecutionMessageReceived: Received message: {"Version":3,"MessageType":"TestSession.Message","Payload":{"MessageLevel":0,"Message":"NUnit Adapter 4.1.0.0: Test execution started"}}
TpTrace Verbose: 0 : 9336, 12, 2021/12/21, 23:43:29.882, 132998480356, vstest.console.dll, TestRunRequest:SendTestRunMessage: Starting.
TpTrace Information: 0 : 9336, 12, 2021/12/21, 23:43:29.883, 132998480996, vstest.console.dll, TestRunRequest:SendTestRunMessage: Completed.
TpTrace Verbose: 0 : 9336, 12, 2021/12/21, 23:43:29.883, 132998481407, vstest.console.dll, TcpClientExtensions.MessageLoopAsync: Polling on remoteEndPoint: 127.0.0.1:54497 localEndPoint: 127.0.0.1:54496
TpTrace Verbose: 0 : 9336, 12, 2021/12/21, 23:43:29.911, 132998767289, vstest.console.dll, TcpClientExtensions.MessageLoopAsync: NotifyDataAvailable remoteEndPoint: 127.0.0.1:54497 localEndPoint: 127.0.0.1:54496
TpTrace Verbose: 0 : 9336, 12, 2021/12/21, 23:43:29.911, 132998768694, vstest.console.dll, TestRequestSender.OnExecutionMessageReceived: Received message: {"Version":3,"MessageType":"TestSession.Message","Payload":{"MessageLevel":0,"Message":"Running all tests in C:\\Users\\rahul\\OneDrive\\Desktop\\Documents_cognizant\\2.Stage3,4\\MFPE\\RMS Updated\\ProductMicroservice\\ProductTests\\bin\\Debug\\net5.0\\fine-code-coverage\\build-output\\ProductTests.dll"}}
TpTrace Verbose: 0 : 9336, 12, 2021/12/21, 23:43:29.912, 132998770885, vstest.console.dll, TestRunRequest:SendTestRunMessage: Starting.
TpTrace Information: 0 : 9336, 12, 2021/12/21, 23:43:29.912, 132998771594, vstest.console.dll, TestRunRequest:SendTestRunMessage: Completed.
TpTrace Verbose: 0 : 9336, 12, 2021/12/21, 23:43:29.912, 132998772021, vstest.console.dll, TcpClientExtensions.MessageLoopAsync: Polling on remoteEndPoint: 127.0.0.1:54497 localEndPoint: 127.0.0.1:54496
TpTrace Verbose: 0 : 9336, 12, 2021/12/21, 23:43:30.049, 133000141476, vstest.console.dll, TcpClientExtensions.MessageLoopAsync: NotifyDataAvailable remoteEndPoint: 127.0.0.1:54497 localEndPoint: 127.0.0.1:54496
TpTrace Verbose: 0 : 9336, 12, 2021/12/21, 23:43:30.049, 133000143019, vstest.console.dll, TestRequestSender.OnExecutionMessageReceived: Received message: {"Version":3,"MessageType":"TestSession.Message","Payload":{"MessageLevel":0,"Message":"   NUnit3TestExecutor discovered 6 of 6 NUnit test cases using Current Discovery mode, Non-Explicit run"}}
TpTrace Verbose: 0 : 9336, 12, 2021/12/21, 23:43:30.049, 133000144568, vstest.console.dll, TestRunRequest:SendTestRunMessage: Starting.
TpTrace Information: 0 : 9336, 12, 2021/12/21, 23:43:30.049, 133000145190, vstest.console.dll, TestRunRequest:SendTestRunMessage: Completed.
TpTrace Verbose: 0 : 9336, 12, 2021/12/21, 23:43:30.049, 133000145665, vstest.console.dll, TcpClientExtensions.MessageLoopAsync: Polling on remoteEndPoint: 127.0.0.1:54497 localEndPoint: 127.0.0.1:54496
TpTrace Verbose: 0 : 9336, 12, 2021/12/21, 23:43:30.269, 133002344686, vstest.console.dll, TcpClientExtensions.MessageLoopAsync: NotifyDataAvailable remoteEndPoint: 127.0.0.1:54497 localEndPoint: 127.0.0.1:54496
TpTrace Verbose: 0 : 9336, 12, 2021/12/21, 23:43:30.269, 133002345814, vstest.console.dll, TestRequestSender.OnExecutionMessageReceived: Received message: {"Version":3,"MessageType":"TestSession.Message","Payload":{"MessageLevel":0,"Message":"NUnit Adapter 4.1.0.0: Test execution complete"}}
TpTrace Verbose: 0 : 9336, 12, 2021/12/21, 23:43:30.269, 133002347347, vstest.console.dll, TestRunRequest:SendTestRunMessage: Starting.
TpTrace Information: 0 : 9336, 12, 2021/12/21, 23:43:30.269, 133002347975, vstest.console.dll, TestRunRequest:SendTestRunMessage: Completed.
TpTrace Verbose: 0 : 9336, 12, 2021/12/21, 23:43:30.269, 133002348400, vstest.console.dll, TcpClientExtensions.MessageLoopAsync: Polling on remoteEndPoint: 127.0.0.1:54497 localEndPoint: 127.0.0.1:54496
TpTrace Verbose: 0 : 9336, 12, 2021/12/21, 23:43:30.307, 133002722378, vstest.console.dll, TcpClientExtensions.MessageLoopAsync: NotifyDataAvailable remoteEndPoint: 127.0.0.1:54497 localEndPoint: 127.0.0.1:54496
TpTrace Verbose: 0 : 9336, 12, 2021/12/21, 23:43:30.307, 133002726304, vstest.console.dll, TestRequestSender.OnExecutionMessageReceived: Received message: {"Version":3,"MessageType":"TestExecution.Completed","Payload":{"TestRunCompleteArgs":{"TestRunStatistics":{"ExecutedTests":6,"Stats":{"Passed":6}},"IsCanceled":false,"IsAborted":false,"Error":null,"AttachmentSets":[],"ElapsedTimeInRunningTests":"00:00:00.4447691","Metrics":{}},"LastRunTests":{"NewTestResults":[{"TestCase":{"Properties":[{"Key":{"Id":"TestCase.FullyQualifiedName","Label":"FullyQualifiedName","Category":"","Description":"","Attributes":1,"ValueType":"System.String"},"Value":"ProductTests.Tests.GetAllProducts_ReturnsNotNullList"},{"Key":{"Id":"TestCase.ExecutorUri","Label":"Executor Uri","Category":"","Description":"","Attributes":1,"ValueType":"System.Uri"},"Value":"executor://NUnit3TestExecutor"},{"Key":{"Id":"TestCase.Source","Label":"Source","Category":"","Description":"","Attributes":0,"ValueType":"System.String"},"Value":"C:\\Users\\rahul\\OneDrive\\Desktop\\Documents_cognizant\\2.Stage3,4\\MFPE\\RMS Updated\\ProductMicroservice\\ProductTests\\bin\\Debug\\net5.0\\fine-code-coverage\\build-output\\ProductTests.dll"},{"Key":{"Id":"TestCase.CodeFilePath","Label":"File Path","Category":"","Description":"","Attributes":0,"ValueType":"System.String"},"Value":null},{"Key":{"Id":"TestCase.DisplayName","Label":"Name","Category":"","Description":"","Attributes":0,"ValueType":"System.String"},"Value":"GetAllProducts_ReturnsNotNullList"},{"Key":{"Id":"TestCase.Id","Label":"Id","Category":"","Description":"","Attributes":1,"ValueType":"System.Guid"},"Value":"af380d0e-6db3-606e-a03c-937a009c5828"},{"Key":{"Id":"TestCase.LineNumber","Label":"Line Number","Category":"","Description":"","Attributes":1,"ValueType":"System.Int32"},"Value":0},{"Key":{"Id":"NUnit.Seed","Label":"Seed","Category":"","Description":"","Attributes":0,"ValueType":"System.String"},"Value":"4704930"}]},"Attachments":[],"Messages":[],"Properties":[{"Key":{"Id":"TestResult.Outcome","Label":"Outcome","Category":"","Description":"","Attributes":0,"ValueType":"Microsoft.VisualStudio.TestPlatform.ObjectModel.TestOutcome, Microsoft.VisualStudio.TestPlatform.ObjectModel, Version=15.0.0.0, Culture=neutral, PublicKeyToken=b03f5f7f11d50a3a"},"Value":1},{"Key":{"Id":"TestResult.ErrorMessage","Label":"Error Message","Category":"","Description":"","Attributes":0,"ValueType":"System.String"},"Value":null},{"Key":{"Id":"TestResult.ErrorStackTrace","Label":"Error Stack Trace","Category":"","Description":"","Attributes":0,"ValueType":"System.String"},"Value":null},{"Key":{"Id":"TestResult.DisplayName","Label":"TestResult Display Name","Category":"","Description":"","Attributes":1,"ValueType":"System.String"},"Value":"GetAllProducts_ReturnsNotNullList"},{"Key":{"Id":"TestResult.ComputerName","Label":"Computer Name","Category":"","Description":"","Attributes":0,"ValueType":"System.String"},"Value":"RAHULSLAPTOP"},{"Key":{"Id":"TestResult.Duration","Label":"Duration","Category":"","Description":"","Attributes":0,"ValueType":"System.TimeSpan"},"Value":"00:00:00.1299410"},{"Key":{"Id":"TestResult.StartTime","Label":"Start Time","Category":"","Description":"","Attributes":0,"ValueType":"System.DateTimeOffset"},"Value":"2021-12-21T18:13:30.0855551+00:00"},{"Key":{"Id":"TestResult.EndTime","Label":"End Time","Category":"","Description":"","Attributes":0,"ValueType":"System.DateTimeOffset"},"Value":"2021-12-21T18:13:30.2153657+00:00"},{"Key":{"Id":"NUnit.Seed","Label":"Seed","Category":"","Description":"","Attributes":0,"ValueType":"System.String"},"Value":"4704930"}]},{"TestCase":{"Properties":[{"Key":{"Id":"TestCase.FullyQualifiedName","Label":"FullyQualifiedName","Category":"","Description":"","Attributes":1,"ValueType":"System.String"},"Value":"ProductTests.Tests.GetAllProducts_ReturnsOkRequest"},{"Key":{"Id":"TestCase.ExecutorUri","Label":"Executor Uri","Category":"","Description":"","Attributes":1,"ValueType":"System.Uri"},"Value":"executor://NUnit3TestExecutor"},{"Key":{"Id":"TestCase.Source","Label":"Source","Category":"","Description":"","Attributes":0,"ValueType":"System.String"},"Value":"C:\\Users\\rahul\\OneDrive\\Desktop\\Documents_cognizant\\2.Stage3,4\\MFPE\\RMS Updated\\ProductMicroservice\\ProductTests\\bin\\Debug\\net5.0\\fine-code-coverage\\build-output\\ProductTests.dll"},{"Key":{"Id":"TestCase.CodeFilePath","Label":"File Path","Category":"","Description":"","Attributes":0,"ValueType":"System.String"},"Value":null},{"Key":{"Id":"TestCase.DisplayName","Label":"Name","Category":"","Description":"","Attributes":0,"ValueType":"System.String"},"Value":"GetAllProducts_ReturnsOkRequest"},{"Key":{"Id":"TestCase.Id","Label":"Id","Category":"","Description":"","Attributes":1,"ValueType":"System.Guid"},"Value":"e1620365-1909-b755-4ecf-78be811e057c"},{"Key":{"Id":"TestCase.LineNumber","Label":"Line Number","Category":"","Description":"","Attributes":1,"ValueType":"System.Int32"},"Value":0},{"Key":{"Id":"NUnit.Seed","Label":"Seed","Category":"","Description":"","Attributes":0,"ValueType":"System.String"},"Value":"2047229933"}]},"Attachments":[],"Messages":[],"Properties":[{"Key":{"Id":"TestResult.Outcome","Label":"Outcome","Category":"","Description":"","Attributes":0,"ValueType":"Microsoft.VisualStudio.TestPlatform.ObjectModel.TestOutcome, Microsoft.VisualStudio.TestPlatform.ObjectModel, Version=15.0.0.0, Culture=neutral, PublicKeyToken=b03f5f7f11d50a3a"},"Value":1},{"Key":{"Id":"TestResult.ErrorMessage","Label":"Error Message","Category":"","Description":"","Attributes":0,"ValueType":"System.String"},"Value":null},{"Key":{"Id":"TestResult.ErrorStackTrace","Label":"Error Stack Trace","Category":"","Description":"","Attributes":0,"ValueType":"System.String"},"Value":null},{"Key":{"Id":"TestResult.DisplayName","Label":"TestResult Display Name","Category":"","Description":"","Attributes":1,"ValueType":"System.String"},"Value":"GetAllProducts_ReturnsOkRequest"},{"Key":{"Id":"TestResult.ComputerName","Label":"Computer Name","Category":"","Description":"","Attributes":0,"ValueType":"System.String"},"Value":"RAHULSLAPTOP"},{"Key":{"Id":"TestResult.Duration","Label":"Duration","Category":"","Description":"","Attributes":0,"ValueType":"System.TimeSpan"},"Value":"00:00:00.0250480"},{"Key":{"Id":"TestResult.StartTime","Label":"Start Time","Category":"","Description":"","Attributes":0,"ValueType":"System.DateTimeOffset"},"Value":"2021-12-21T18:13:30.2175461+00:00"},{"Key":{"Id":"TestResult.EndTime","Label":"End Time","Category":"","Description":"","Attributes":0,"ValueType":"System.DateTimeOffset"},"Value":"2021-12-21T18:13:30.2425935+00:00"},{"Key":{"Id":"NUnit.Seed","Label":"Seed","Category":"","Description":"","Attributes":0,"ValueType":"System.String"},"Value":"2047229933"}]},{"TestCase":{"Properties":[{"Key":{"Id":"TestCase.FullyQualifiedName","Label":"FullyQualifiedName","Category":"","Description":"","Attributes":1,"ValueType":"System.String"},"Value":"ProductTests.Tests.SearchProductById_InvalidInput_ReturnsNotFoundResult"},{"Key":{"Id":"TestCase.ExecutorUri","Label":"Executor Uri","Category":"","Description":"","Attributes":1,"ValueType":"System.Uri"},"Value":"executor://NUnit3TestExecutor"},{"Key":{"Id":"TestCase.Source","Label":"Source","Category":"","Description":"","Attributes":0,"ValueType":"System.String"},"Value":"C:\\Users\\rahul\\OneDrive\\Desktop\\Documents_cognizant\\2.Stage3,4\\MFPE\\RMS Updated\\ProductMicroservice\\ProductTests\\bin\\Debug\\net5.0\\fine-code-coverage\\build-output\\ProductTests.dll"},{"Key":{"Id":"TestCase.CodeFilePath","Label":"File Path","Category":"","Description":"","Attributes":0,"ValueType":"System.String"},"Value":null},{"Key":{"Id":"TestCase.DisplayName","Label":"Name","Category":"","Description":"","Attributes":0,"ValueType":"System.String"},"Value":"SearchProductById_InvalidInput_ReturnsNotFoundResult"},{"Key":{"Id":"TestCase.Id","Label":"Id","Category":"","Description":"","Attributes":1,"ValueType":"System.Guid"},"Value":"86953656-4ae9-1977-92c7-1053f1976289"},{"Key":{"Id":"TestCase.LineNumber","Label":"Line Number","Category":"","Description":"","Attributes":1,"ValueType":"System.Int32"},"Value":0},{"Key":{"Id":"NUnit.Seed","Label":"Seed","Category":"","Description":"","Attributes":0,"ValueType":"System.String"},"Value":"1852160329"}]},"Attachments":[],"Messages":[],"Properties":[{"Key":{"Id":"TestResult.Outcome","Label":"Outcome","Category":"","Description":"","Attributes":0,"ValueType":"Microsoft.VisualStudio.TestPlatform.ObjectModel.TestOutcome, Microsoft.VisualStudio.TestPlatform.ObjectModel, Version=15.0.0.0, Culture=neutral, PublicKeyToken=b03f5f7f11d50a3a"},"Value":1},{"Key":{"Id":"TestResult.ErrorMessage","Label":"Error Message","Category":"","Description":"","Attributes":0,"ValueType":"System.String"},"Value":null},{"Key":{"Id":"TestResult.ErrorStackTrace","Label":"Error Stack Trace","Category":"","Description":"","Attributes":0,"ValueType":"System.String"},"Value":null},{"Key":{"Id":"TestResult.DisplayName","Label":"TestResult Display Name","Category":"","Description":"","Attributes":1,"ValueType":"System.String"},"Value":"SearchProductById_InvalidInput_ReturnsNotFoundResult"},{"Key":{"Id":"TestResult.ComputerName","Label":"Computer Name","Category":"","Description":"","Attributes":0,"ValueType":"System.String"},"Value":"RAHULSLAPTOP"},{"Key":{"Id":"TestResult.Duration","Label":"Duration","Category":"","Description":"","Attributes":0,"ValueType":"System.TimeSpan"},"Value":"00:00:00.0139280"},{"Key":{"Id":"TestResult.StartTime","Label":"Start Time","Category":"","Description":"","Attributes":0,"ValueType":"System.DateTimeOffset"},"Value":"2021-12-21T18:13:30.242623+00:00"},{"Key":{"Id":"TestResult.EndTime","Label":"End Time","Category":"","Description":"","Attributes":0,"ValueType":"System.DateTimeOffset"},"Value":"2021-12-21T18:13:30.2565501+00:00"},{"Key":{"Id":"NUnit.Seed","Label":"Seed","Category":"","Description":"","Attributes":0,"ValueType":"System.String"},"Value":"1852160329"}]},{"TestCase":{"Properties":[{"Key":{"Id":"TestCase.FullyQualifiedName","Label":"FullyQualifiedName","Category":"","Description":"","Attributes":1,"ValueType":"System.String"},"Value":"ProductTests.Tests.SearchProductById_ValidInput_ReturnsOkRequest"},{"Key":{"Id":"TestCase.ExecutorUri","Label":"Executor Uri","Category":"","Description":"","Attributes":1,"ValueType":"System.Uri"},"Value":"executor://NUnit3TestExecutor"},{"Key":{"Id":"TestCase.Source","Label":"Source","Category":"","Description":"","Attributes":0,"ValueType":"System.String"},"Value":"C:\\Users\\rahul\\OneDrive\\Desktop\\Documents_cognizant\\2.Stage3,4\\MFPE\\RMS Updated\\ProductMicroservice\\ProductTests\\bin\\Debug\\net5.0\\fine-code-coverage\\build-output\\ProductTests.dll"},{"Key":{"Id":"TestCase.CodeFilePath","Label":"File Path","Category":"","Description":"","Attributes":0,"ValueType":"System.String"},"Value":null},{"Key":{"Id":"TestCase.DisplayName","Label":"Name","Category":"","Description":"","Attributes":0,"ValueType":"System.String"},"Value":"SearchProductById_ValidInput_ReturnsOkRequest"},{"Key":{"Id":"TestCase.Id","Label":"Id","Category":"","Description":"","Attributes":1,"ValueType":"System.Guid"},"Value":"b97718fa-d388-00d1-105f-396f3354f767"},{"Key":{"Id":"TestCase.LineNumber","Label":"Line Number","Category":"","Description":"","Attributes":1,"ValueType":"System.Int32"},"Value":0},{"Key":{"Id":"NUnit.Seed","Label":"Seed","Category":"","Description":"","Attributes":0,"ValueType":"System.String"},"Value":"775612616"}]},"Attachments":[],"Messages":[],"Properties":[{"Key":{"Id":"TestResult.Outcome","Label":"Outcome","Category":"","Description":"","Attributes":0,"ValueType":"Microsoft.VisualStudio.TestPlatform.ObjectModel.TestOutcome, Microsoft.VisualStudio.TestPlatform.ObjectModel, Version=15.0.0.0, Culture=neutral, PublicKeyToken=b03f5f7f11d50a3a"},"Value":1},{"Key":{"Id":"TestResult.ErrorMessage","Label":"Error Message","Category":"","Description":"","Attributes":0,"ValueType":"System.String"},"Value":null},{"Key":{"Id":"TestResult.ErrorStackTrace","Label":"Error Stack Trace","Category":"","Description":"","Attributes":0,"ValueType":"System.String"},"Value":null},{"Key":{"Id":"TestResult.DisplayName","Label":"TestResult Display Name","Category":"","Description":"","Attributes":1,"ValueType":"System.String"},"Value":"SearchProductById_ValidInput_ReturnsOkRequest"},{"Key":{"Id":"TestResult.ComputerName","Label":"Computer Name","Category":"","Description":"","Attributes":0,"ValueType":"System.String"},"Value":"RAHULSLAPTOP"},{"Key":{"Id":"TestResult.Duration","Label":"Duration","Category":"","Description":"","Attributes":0,"ValueType":"System.TimeSpan"},"Value":"00:00:00.0016340"},{"Key":{"Id":"TestResult.StartTime","Label":"Start Time","Category":"","Description":"","Attributes":0,"ValueType":"System.DateTimeOffset"},"Value":"2021-12-21T18:13:30.2565756+00:00"},{"Key":{"Id":"TestResult.EndTime","Label":"End Time","Category":"","Description":"","Attributes":0,"ValueType":"System.DateTimeOffset"},"Value":"2021-12-21T18:13:30.2582095+00:00"},{"Key":{"Id":"NUnit.Seed","Label":"Seed","Category":"","Description":"","Attributes":0,"ValueType":"System.String"},"Value":"775612616"}]},{"TestCase":{"Properties":[{"Key":{"Id":"TestCase.FullyQualifiedName","Label":"FullyQualifiedName","Category":"","Description":"","Attributes":1,"ValueType":"System.String"},"Value":"ProductTests.Tests.SearchProductByName_InvalidInput_ReturnsNotFoundResult"},{"Key":{"Id":"TestCase.ExecutorUri","Label":"Executor Uri","Category":"","Description":"","Attributes":1,"ValueType":"System.Uri"},"Value":"executor://NUnit3TestExecutor"},{"Key":{"Id":"TestCase.Source","Label":"Source","Category":"","Description":"","Attributes":0,"ValueType":"System.String"},"Value":"C:\\Users\\rahul\\OneDrive\\Desktop\\Documents_cognizant\\2.Stage3,4\\MFPE\\RMS Updated\\ProductMicroservice\\ProductTests\\bin\\Debug\\net5.0\\fine-code-coverage\\build-output\\ProductTests.dll"},{"Key":{"Id":"TestCase.CodeFilePath","Label":"File Path","Category":"","Description":"","Attributes":0,"ValueType":"System.String"},"Value":null},{"Key":{"Id":"TestCase.DisplayName","Label":"Name","Category":"","Description":"","Attributes":0,"ValueType":"System.String"},"Value":"SearchProductByName_InvalidInput_ReturnsNotFoundResult"},{"Key":{"Id":"TestCase.Id","Label":"Id","Category":"","Description":"","Attributes":1,"ValueType":"System.Guid"},"Value":"3bc117e9-8f2d-e448-baed-3db86605dcca"},{"Key":{"Id":"TestCase.LineNumber","Label":"Line Number","Category":"","Description":"","Attributes":1,"ValueType":"System.Int32"},"Value":0},{"Key":{"Id":"NUnit.Seed","Label":"Seed","Category":"","Description":"","Attributes":0,"ValueType":"System.String"},"Value":"837862940"}]},"Attachments":[],"Messages":[],"Properties":[{"Key":{"Id":"TestResult.Outcome","Label":"Outcome","Category":"","Description":"","Attributes":0,"ValueType":"Microsoft.VisualStudio.TestPlatform.ObjectModel.TestOutcome, Microsoft.VisualStudio.TestPlatform.ObjectModel, Version=15.0.0.0, Culture=neutral, PublicKeyToken=b03f5f7f11d50a3a"},"Value":1},{"Key":{"Id":"TestResult.ErrorMessage","Label":"Error Message","Category":"","Description":"","Attributes":0,"ValueType":"System.String"},"Value":null},{"Key":{"Id":"TestResult.ErrorStackTrace","Label":"Error Stack Trace","Category":"","Description":"","Attributes":0,"ValueType":"System.String"},"Value":null},{"Key":{"Id":"TestResult.DisplayName","Label":"TestResult Display Name","Category":"","Description":"","Attributes":1,"ValueType":"System.String"},"Value":"SearchProductByName_InvalidInput_ReturnsNotFoundResult"},{"Key":{"Id":"TestResult.ComputerName","Label":"Computer Name","Category":"","Description":"","Attributes":0,"ValueType":"System.String"},"Value":"RAHULSLAPTOP"},{"Key":{"Id":"TestResult.Duration","Label":"Duration","Category":"","Description":"","Attributes":0,"ValueType":"System.TimeSpan"},"Value":"00:00:00.0027020"},{"Key":{"Id":"TestResult.StartTime","Label":"Start Time","Category":"","Description":"","Attributes":0,"ValueType":"System.DateTimeOffset"},"Value":"2021-12-21T18:13:30.258229+00:00"},{"Key":{"Id":"TestResult.EndTime","Label":"End Time","Category":"","Description":"","Attributes":0,"ValueType":"System.DateTimeOffset"},"Value":"2021-12-21T18:13:30.2609298+00:00"},{"Key":{"Id":"NUnit.Seed","Label":"Seed","Category":"","Description":"","Attributes":0,"ValueType":"System.String"},"Value":"837862940"}]},{"TestCase":{"Properties":[{"Key":{"Id":"TestCase.FullyQualifiedName","Label":"FullyQualifiedName","Category":"","Description":"","Attributes":1,"ValueType":"System.String"},"Value":"ProductTests.Tests.SearchProductByName_ValidInput_ReturnsOkRequest"},{"Key":{"Id":"TestCase.ExecutorUri","Label":"Executor Uri","Category":"","Description":"","Attributes":1,"ValueType":"System.Uri"},"Value":"executor://NUnit3TestExecutor"},{"Key":{"Id":"TestCase.Source","Label":"Source","Category":"","Description":"","Attributes":0,"ValueType":"System.String"},"Value":"C:\\Users\\rahul\\OneDrive\\Desktop\\Documents_cognizant\\2.Stage3,4\\MFPE\\RMS Updated\\ProductMicroservice\\ProductTests\\bin\\Debug\\net5.0\\fine-code-coverage\\build-output\\ProductTests.dll"},{"Key":{"Id":"TestCase.CodeFilePath","Label":"File Path","Category":"","Description":"","Attributes":0,"ValueType":"System.String"},"Value":null},{"Key":{"Id":"TestCase.DisplayName","Label":"Name","Category":"","Description":"","Attributes":0,"ValueType":"System.String"},"Value":"SearchProductByName_ValidInput_ReturnsOkRequest"},{"Key":{"Id":"TestCase.Id","Label":"Id","Category":"","Description":"","Attributes":1,"ValueType":"System.Guid"},"Value":"e38ca89b-07ee-3887-9038-97c73969aaea"},{"Key":{"Id":"TestCase.LineNumber","Label":"Line Number","Category":"","Description":"","Attributes":1,"ValueType":"System.Int32"},"Value":0},{"Key":{"Id":"NUnit.Seed","Label":"Seed","Category":"","Description":"","Attributes":0,"ValueType":"System.String"},"Value":"62785170"}]},"Attachments":[],"Messages":[],"Properties":[{"Key":{"Id":"TestResult.Outcome","Label":"Outcome","Category":"","Description":"","Attributes":0,"ValueType":"Microsoft.VisualStudio.TestPlatform.ObjectModel.TestOutcome, Microsoft.VisualStudio.TestPlatform.ObjectModel, Version=15.0.0.0, Culture=neutral, PublicKeyToken=b03f5f7f11d50a3a"},"Value":1},{"Key":{"Id":"TestResult.ErrorMessage","Label":"Error Message","Category":"","Description":"","Attributes":0,"ValueType":"System.String"},"Value":null},{"Key":{"Id":"TestResult.ErrorStackTrace","Label":"Error Stack Trace","Category":"","Description":"","Attributes":0,"ValueType":"System.String"},"Value":null},{"Key":{"Id":"TestResult.DisplayName","Label":"TestResult Display Name","Category":"","Description":"","Attributes":1,"ValueType":"System.String"},"Value":"SearchProductByName_ValidInput_ReturnsOkRequest"},{"Key":{"Id":"TestResult.ComputerName","Label":"Computer Name","Category":"","Description":"","Attributes":0,"ValueType":"System.String"},"Value":"RAHULSLAPTOP"},{"Key":{"Id":"TestResult.Duration","Label":"Duration","Category":"","Description":"","Attributes":0,"ValueType":"System.TimeSpan"},"Value":"00:00:00.0016080"},{"Key":{"Id":"TestResult.StartTime","Label":"Start Time","Category":"","Description":"","Attributes":0,"ValueType":"System.DateTimeOffset"},"Value":"2021-12-21T18:13:30.2609616+00:00"},{"Key":{"Id":"TestResult.EndTime","Label":"End Time","Category":"","Description":"","Attributes":0,"ValueType":"System.DateTimeOffset"},"Value":"2021-12-21T18:13:30.2625678+00:00"},{"Key":{"Id":"NUnit.Seed","Label":"Seed","Category":"","Description":"","Attributes":0,"ValueType":"System.String"},"Value":"62785170"}]}],"TestRunStatistics":{"ExecutedTests":6,"Stats":{"Passed":6}},"ActiveTests":[]},"RunAttachments":[],"ExecutorUris":["executor://nunit3testexecutor/"]}}
TpTrace Verbose: 0 : 9336, 12, 2021/12/21, 23:43:30.310, 133002752530, vstest.console.dll, TestRequestSender.EndSession: Sending end session.
TpTrace Verbose: 0 : 9336, 12, 2021/12/21, 23:43:30.310, 133002755139, vstest.console.dll, ProxyOperationManager.Close: waiting for test host to exit for 100 ms
TpTrace Warning: 0 : 9336, 10, 2021/12/21, 23:43:30.338, 133003038953, vstest.console.dll, TestHostManagerCallbacks.ErrorReceivedCallback Test host standard error line: 
TpTrace Verbose: 0 : 9336, 7, 2021/12/21, 23:43:30.347, 133003124265, vstest.console.dll, TestHostProvider.ExitCallBack: Host exited starting callback.
TpTrace Information: 0 : 9336, 7, 2021/12/21, 23:43:30.348, 133003132029, vstest.console.dll, TestHostManagerCallbacks.ExitCallBack: Testhost processId: 8048 exited with exitcode: 0 error: ''
TpTrace Verbose: 0 : 9336, 7, 2021/12/21, 23:43:30.348, 133003132905, vstest.console.dll, DotnetTestHostManager.OnHostExited: invoking OnHostExited callback
TpTrace Verbose: 0 : 9336, 7, 2021/12/21, 23:43:30.348, 133003134163, vstest.console.dll, CrossPlatEngine.TestHostManagerHostExited: calling on client process exit callback.
TpTrace Information: 0 : 9336, 7, 2021/12/21, 23:43:30.348, 133003135244, vstest.console.dll, TestRequestSender.OnClientProcessExit: Test host process exited. Standard error: 
TpTrace Warning: 0 : 9336, 12, 2021/12/21, 23:43:30.348, 133003135647, vstest.console.dll, ProxyOperationManager: Timed out waiting for test host to exit. Will terminate process.
TpTrace Information: 0 : 9336, 7, 2021/12/21, 23:43:30.348, 133003136099, vstest.console.dll, SocketServer.Stop: Stop server endPoint: 127.0.0.1:54496
TpTrace Information: 0 : 9336, 7, 2021/12/21, 23:43:30.348, 133003137567, vstest.console.dll, SocketServer.Stop: Cancellation requested. Stopping message loop.
TpTrace Verbose: 0 : 9336, 12, 2021/12/21, 23:43:30.349, 133003148985, vstest.console.dll, ProxyDataCollectionManager.InvokeDataCollectionServiceAction: Starting.
TpTrace Information: 0 : 9336, 12, 2021/12/21, 23:43:30.349, 133003149895, vstest.console.dll, ProxyDataCollectionManager.AfterTestRunEnd: Get attachment set for datacollector processId: 27212 port: 54493
TpTrace Verbose: 0 : 9336, 12, 2021/12/21, 23:43:30.349, 133003150567, vstest.console.dll, DataCollectionRequestSender.SendAfterTestRunStartAndGetResult : Send AfterTestRunEnd message with isCancelled: False
TpTrace Verbose: 0 : 9336, 12, 2021/12/21, 23:43:30.354, 133003198401, vstest.console.dll, DataCollectionRequestSender.SendAfterTestRunStartAndGetResult : Received message: (DataCollection.AfterTestRunEndResult) -> {
  "AttachmentSets": [],
  "Metrics": {}
}
TpTrace Information: 0 : 9336, 12, 2021/12/21, 23:43:30.357, 133003227576, vstest.console.dll, ProxyDataCollectionManager.InvokeDataCollectionServiceAction: Completed.
TpTrace Warning: 0 : 9336, 9, 2021/12/21, 23:43:30.363, 133003284917, vstest.console.dll, DataCollectionLauncher.ErrorReceivedCallback datacollector standard error line: 
TpTrace Information: 0 : 9336, 7, 2021/12/21, 23:43:30.367, 133003329260, vstest.console.dll, DataCollectionLauncher.ExitCallBack: Data collector exited with exitcode: 0 error: ''
TpTrace Verbose: 0 : 9336, 12, 2021/12/21, 23:43:30.401, 133003666134, vstest.console.dll, TestRunRequest:SendTestRunStatsChange: Starting.
TpTrace Information: 0 : 9336, 12, 2021/12/21, 23:43:30.401, 133003668499, vstest.console.dll, TestRunRequest:SendTestRunStatsChange: Completed.
TpTrace Verbose: 0 : 9336, 12, 2021/12/21, 23:43:30.402, 133003670661, vstest.console.dll, ParallelProxyExecutionManager: HandlePartialRunComplete: Total completed clients = 1, Run complete = True, Run canceled: False.
TpTrace Verbose: 0 : 9336, 12, 2021/12/21, 23:43:30.413, 133003790194, vstest.console.dll, TestRunRequest:TestRunComplete: Starting. IsAborted:False IsCanceled:False.
TpTrace Verbose: 0 : 9336, 12, 2021/12/21, 23:43:30.414, 133003792295, vstest.console.dll, TestLoggerManager.HandleTestRunComplete: Ignoring as the object is disposed.
TpTrace Information: 0 : 9336, 12, 2021/12/21, 23:43:30.414, 133003795288, vstest.console.dll, TestRunRequest:TestRunComplete: Completed.
TpTrace Verbose: 0 : 9336, 1, 2021/12/21, 23:43:30.414, 133003795494, vstest.console.dll, TestRunRequest.Dispose: Starting.
TpTrace Verbose: 0 : 9336, 12, 2021/12/21, 23:43:30.414, 133003796269, vstest.console.dll, TestRequestSender.SetOperationComplete: Setting operation complete.
TpTrace Information: 0 : 9336, 1, 2021/12/21, 23:43:30.414, 133003796818, vstest.console.dll, TestRunRequest.Dispose: Completed.
TpTrace Information: 0 : 9336, 12, 2021/12/21, 23:43:30.414, 133003797347, vstest.console.dll, SocketServer.Stop: Stop server endPoint: 127.0.0.1:54496
TpTrace Information: 0 : 9336, 12, 2021/12/21, 23:43:30.414, 133003798347, vstest.console.dll, SocketServer.Stop: Cancellation requested. Stopping message loop.
TpTrace Information: 0 : 9336, 1, 2021/12/21, 23:43:30.414, 133003797937, vstest.console.dll, TestRequestManager.RunTests: run tests completed.
TpTrace Information: 0 : 9336, 12, 2021/12/21, 23:43:30.414, 133003798814, vstest.console.dll, SocketServer.PrivateStop: Stop server endPoint: 127.0.0.1:54496 error: 
TpTrace Information: 0 : 9336, 1, 2021/12/21, 23:43:30.414, 133003799620, vstest.console.dll, RunTestsArgumentProcessor:Execute: Test run is completed.
TpTrace Verbose: 0 : 9336, 1, 2021/12/21, 23:43:30.415, 133003801471, vstest.console.dll, Executor.Execute: Exiting with exit code of 0
TpTrace Verbose: 0 : 9336, 12, 2021/12/21, 23:43:30.415, 133003805116, vstest.console.dll, LengthPrefixCommunicationChannel.Dispose: Dispose reader and writer.
TpTrace Information: 0 : 9336, 12, 2021/12/21, 23:43:30.415, 133003806437, vstest.console.dll, SocketServer.Stop: Raise disconnected event endPoint: 127.0.0.1:54496 error: 
TpTrace Verbose: 0 : 9336, 12, 2021/12/21, 23:43:30.420, 133003856494, vstest.console.dll, TestRequestSender: OnTestRunAbort: Operation is already complete. Skip error message.
TpTrace Verbose: 0 : 9336, 12, 2021/12/21, 23:43:30.420, 133003857443, vstest.console.dll, TcpClientExtensions.MessageLoopAsync: exiting MessageLoopAsync remoteEndPoint: 127.0.0.1:54497 localEndPoint: 127.0.0.1:54496
